0 info it worked if it ends with ok
1 verbose cli [ 'node',
1 verbose cli   '/Users/endel/.nvm/v0.10.35/bin/npm',
1 verbose cli   'install',
1 verbose cli   'salario-liquido',
1 verbose cli   '-g' ]
2 info using npm@2.1.17
3 info using node@v0.10.35
4 silly cache add args [ 'salario-liquido', null ]
5 verbose cache add spec salario-liquido
6 silly cache add parsed spec { raw: 'salario-liquido',
6 silly cache add   scope: null,
6 silly cache add   name: 'salario-liquido',
6 silly cache add   rawSpec: '',
6 silly cache add   spec: '*',
6 silly cache add   type: 'range' }
7 verbose addNamed salario-liquido@*
8 silly addNamed semver.valid null
9 silly addNamed semver.validRange *
10 silly addNameRange { name: 'salario-liquido', range: '*', hasData: false }
11 silly mapToRegistry name salario-liquido
12 silly mapToRegistry using default registry
13 silly mapToRegistry registry https://registry.npmjs.org/
14 silly mapToRegistry uri https://registry.npmjs.org/salario-liquido
15 verbose addNameRange registry:https://registry.npmjs.org/salario-liquido not in flight; fetching
16 verbose request uri https://registry.npmjs.org/salario-liquido
17 verbose request no auth needed
18 info attempt registry request try #1 at 21:45:02
19 verbose request id c4425c1fa1cf2261
20 http request GET https://registry.npmjs.org/salario-liquido
21 http 404 https://registry.npmjs.org/salario-liquido
22 verbose headers { date: 'Mon, 23 Feb 2015 00:45:03 GMT',
22 verbose headers   server: 'CouchDB/1.5.0 (Erlang OTP/R16B03)',
22 verbose headers   'content-type': 'application/json',
22 verbose headers   'cache-control': 'max-age=0',
22 verbose headers   'content-length': '52',
22 verbose headers   'accept-ranges': 'bytes',
22 verbose headers   via: '1.1 varnish',
22 verbose headers   age: '0',
22 verbose headers   'x-served-by': 'cache-iad2139-IAD',
22 verbose headers   'x-cache': 'MISS',
22 verbose headers   'x-cache-hits': '0',
22 verbose headers   'x-timer': 'S1424652303.369335,VS0,VE11',
22 verbose headers   'keep-alive': 'timeout=10, max=50',
22 verbose headers   connection: 'Keep-Alive' }
23 silly get cb [ 404,
23 silly get   { date: 'Mon, 23 Feb 2015 00:45:03 GMT',
23 silly get     server: 'CouchDB/1.5.0 (Erlang OTP/R16B03)',
23 silly get     'content-type': 'application/json',
23 silly get     'cache-control': 'max-age=0',
23 silly get     'content-length': '52',
23 silly get     'accept-ranges': 'bytes',
23 silly get     via: '1.1 varnish',
23 silly get     age: '0',
23 silly get     'x-served-by': 'cache-iad2139-IAD',
23 silly get     'x-cache': 'MISS',
23 silly get     'x-cache-hits': '0',
23 silly get     'x-timer': 'S1424652303.369335,VS0,VE11',
23 silly get     'keep-alive': 'timeout=10, max=50',
23 silly get     connection: 'Keep-Alive' } ]
24 verbose stack Error: 404 Not Found: salario-liquido
24 verbose stack     at CachingRegistryClient.<anonymous> (/Users/endel/.nvm/v0.10.35/lib/node_modules/npm/node_modules/npm-registry-client/lib/request.js:241:14)
24 verbose stack     at Request._callback (/Users/endel/.nvm/v0.10.35/lib/node_modules/npm/node_modules/npm-registry-client/lib/request.js:172:14)
24 verbose stack     at Request.self.callback (/Users/endel/.nvm/v0.10.35/lib/node_modules/npm/node_modules/request/request.js:373:22)
24 verbose stack     at Request.emit (events.js:98:17)
24 verbose stack     at Request.<anonymous> (/Users/endel/.nvm/v0.10.35/lib/node_modules/npm/node_modules/request/request.js:1318:14)
24 verbose stack     at Request.emit (events.js:117:20)
24 verbose stack     at IncomingMessage.<anonymous> (/Users/endel/.nvm/v0.10.35/lib/node_modules/npm/node_modules/request/request.js:1266:12)
24 verbose stack     at IncomingMessage.emit (events.js:117:20)
24 verbose stack     at _stream_readable.js:944:16
24 verbose stack     at process._tickCallback (node.js:442:13)
25 verbose statusCode 404
26 verbose pkgid salario-liquido
27 verbose cwd /Users/endel/Projects/hook-examples
28 error Darwin 14.0.0
29 error argv "node" "/Users/endel/.nvm/v0.10.35/bin/npm" "install" "salario-liquido" "-g"
30 error node v0.10.35
31 error npm  v2.1.17
32 error code E404
33 error 404 Not Found: salario-liquido
33 error 404
33 error 404 'salario-liquido' is not in the npm registry.
33 error 404 You should bug the author to publish it (or use the name yourself!)
33 error 404
33 error 404 Note that you can also install from a
33 error 404 tarball, folder, http url, or git url.
34 verbose exit [ 1, true ]
